c:\users\ilich\source\repos\wrapper\debug\vc141.pdb
c:\users\ilich\source\repos\wrapper\debug\vc141.idb
c:\users\ilich\source\repos\wrapper\debug\wrapper.obj
c:\users\ilich\source\repos\wrapper\debug\main.obj
c:\users\ilich\source\repos\wrapper\debug\engine.obj
c:\users\ilich\source\repos\wrapper\debug\params.obj
c:\users\ilich\source\repos\wrapper\debug\wrapper.pdb
c:\users\ilich\source\repos\wrapper\debug\wrapper.tlog\cl.command.1.tlog
c:\users\ilich\source\repos\wrapper\debug\wrapper.tlog\cl.read.1.tlog
c:\users\ilich\source\repos\wrapper\debug\wrapper.tlog\cl.write.1.tlog
c:\users\ilich\source\repos\wrapper\debug\wrapper.tlog\link-cvtres.read.1.tlog
c:\users\ilich\source\repos\wrapper\debug\wrapper.tlog\link-cvtres.write.1.tlog
c:\users\ilich\source\repos\wrapper\debug\wrapper.tlog\link-rc.read.1.tlog
c:\users\ilich\source\repos\wrapper\debug\wrapper.tlog\link-rc.write.1.tlog
c:\users\ilich\source\repos\wrapper\debug\wrapper.tlog\link.19832-cvtres.read.1.tlog
c:\users\ilich\source\repos\wrapper\debug\wrapper.tlog\link.19832-cvtres.write.1.tlog
c:\users\ilich\source\repos\wrapper\debug\wrapper.tlog\link.19832-rc.read.1.tlog
c:\users\ilich\source\repos\wrapper\debug\wrapper.tlog\link.19832-rc.write.1.tlog
c:\users\ilich\source\repos\wrapper\debug\wrapper.tlog\link.19832.read.1.tlog
c:\users\ilich\source\repos\wrapper\debug\wrapper.tlog\link.19832.write.1.tlog
c:\users\ilich\source\repos\wrapper\debug\wrapper.tlog\link.command.1.tlog
c:\users\ilich\source\repos\wrapper\debug\wrapper.tlog\link.read.1.tlog
c:\users\ilich\source\repos\wrapper\debug\wrapper.tlog\link.write.1.tlog
